  ApiGestos.cpp
E:\Escritorio\Samples Kinect\PracticaGestosNPI\BodyBasics-D2D\BodyBasics.h(35,29): error C3646: 'CALLBACK': especificador de invalidación desconocido
E:\Escritorio\Samples Kinect\PracticaGestosNPI\BodyBasics-D2D\BodyBasics.h(35,42): error C3646: 'MessageRouter': especificador de invalidación desconocido
E:\Escritorio\Samples Kinect\PracticaGestosNPI\BodyBasics-D2D\BodyBasics.h(35,43): error C2065: 'HWND': identificador no declarado
E:\Escritorio\Samples Kinect\PracticaGestosNPI\BodyBasics-D2D\BodyBasics.h(35,48): error C2146: error de sintaxis: falta ')' delante del identificador 'hWnd'
E:\Escritorio\Samples Kinect\PracticaGestosNPI\BodyBasics-D2D\BodyBasics.h(35,94): error C2238: símbolos (token) inesperados delante de ';'
E:\Escritorio\Samples Kinect\PracticaGestosNPI\BodyBasics-D2D\BodyBasics.h(45,29): error C3646: 'CALLBACK': especificador de invalidación desconocido
E:\Escritorio\Samples Kinect\PracticaGestosNPI\BodyBasics-D2D\BodyBasics.h(45,36): error C3646: 'DlgProc': especificador de invalidación desconocido
E:\Escritorio\Samples Kinect\PracticaGestosNPI\BodyBasics-D2D\BodyBasics.h(45,36): error C2059: error de sintaxis: '('
E:\Escritorio\Samples Kinect\PracticaGestosNPI\BodyBasics-D2D\BodyBasics.h(45,88): error C2238: símbolos (token) inesperados delante de ';'
E:\Escritorio\Samples Kinect\PracticaGestosNPI\BodyBasics-D2D\BodyBasics.h(52,43): error C2061: error de sintaxis: identificador 'HINSTANCE'
E:\Escritorio\Samples Kinect\PracticaGestosNPI\BodyBasics-D2D\BodyBasics.h(57,30): error C3646: 'leftHandPos': especificador de invalidación desconocido
E:\Escritorio\Samples Kinect\PracticaGestosNPI\BodyBasics-D2D\BodyBasics.h(57,30): error C2059: error de sintaxis: ','
E:\Escritorio\Samples Kinect\PracticaGestosNPI\BodyBasics-D2D\BodyBasics.h(57,44): error C2238: símbolos (token) inesperados delante de ';'
E:\Escritorio\Samples Kinect\PracticaGestosNPI\BodyBasics-D2D\BodyBasics.h(62,35): error C3646: 'm_hWnd': especificador de invalidación desconocido
E:\Escritorio\Samples Kinect\PracticaGestosNPI\BodyBasics-D2D\BodyBasics.h(62,35): error C4430: falta el especificador de tipo; se presupone int. Nota: C++ no admite default-int
E:\Escritorio\Samples Kinect\PracticaGestosNPI\BodyBasics-D2D\BodyBasics.h(63,41): error C3646: 'm_nStartTime': especificador de invalidación desconocido
E:\Escritorio\Samples Kinect\PracticaGestosNPI\BodyBasics-D2D\BodyBasics.h(63,41): error C4430: falta el especificador de tipo; se presupone int. Nota: C++ no admite default-int
E:\Escritorio\Samples Kinect\PracticaGestosNPI\BodyBasics-D2D\BodyBasics.h(64,43): error C3646: 'm_nLastCounter': especificador de invalidación desconocido
E:\Escritorio\Samples Kinect\PracticaGestosNPI\BodyBasics-D2D\BodyBasics.h(64,43): error C4430: falta el especificador de tipo; se presupone int. Nota: C++ no admite default-int
E:\Escritorio\Samples Kinect\PracticaGestosNPI\BodyBasics-D2D\BodyBasics.h(66,46): error C3646: 'm_nNextStatusTime': especificador de invalidación desconocido
E:\Escritorio\Samples Kinect\PracticaGestosNPI\BodyBasics-D2D\BodyBasics.h(66,46): error C4430: falta el especificador de tipo; se presupone int. Nota: C++ no admite default-int
E:\Escritorio\Samples Kinect\PracticaGestosNPI\BodyBasics-D2D\BodyBasics.h(67,49): error C3646: 'm_nFramesSinceUpdate': especificador de invalidación desconocido
E:\Escritorio\Samples Kinect\PracticaGestosNPI\BodyBasics-D2D\BodyBasics.h(67,49): error C4430: falta el especificador de tipo; se presupone int. Nota: C++ no admite default-int
E:\Escritorio\Samples Kinect\PracticaGestosNPI\BodyBasics-D2D\BodyBasics.h(70,18): error C2143: error de sintaxis: falta ';' delante de '*'
E:\Escritorio\Samples Kinect\PracticaGestosNPI\BodyBasics-D2D\BodyBasics.h(70,18): error C4430: falta el especificador de tipo; se presupone int. Nota: C++ no admite default-int
E:\Escritorio\Samples Kinect\PracticaGestosNPI\BodyBasics-D2D\BodyBasics.h(70,44): error C2238: símbolos (token) inesperados delante de ';'
E:\Escritorio\Samples Kinect\PracticaGestosNPI\BodyBasics-D2D\BodyBasics.h(71,22): error C2143: error de sintaxis: falta ';' delante de '*'
E:\Escritorio\Samples Kinect\PracticaGestosNPI\BodyBasics-D2D\BodyBasics.h(71,22): error C4430: falta el especificador de tipo; se presupone int. Nota: C++ no admite default-int
E:\Escritorio\Samples Kinect\PracticaGestosNPI\BodyBasics-D2D\BodyBasics.h(71,48): error C2238: símbolos (token) inesperados delante de ';'
E:\Escritorio\Samples Kinect\PracticaGestosNPI\BodyBasics-D2D\BodyBasics.h(74,21): error C2143: error de sintaxis: falta ';' delante de '*'
E:\Escritorio\Samples Kinect\PracticaGestosNPI\BodyBasics-D2D\BodyBasics.h(74,21): error C4430: falta el especificador de tipo; se presupone int. Nota: C++ no admite default-int
E:\Escritorio\Samples Kinect\PracticaGestosNPI\BodyBasics-D2D\BodyBasics.h(74,47): error C2238: símbolos (token) inesperados delante de ';'
E:\Escritorio\Samples Kinect\PracticaGestosNPI\BodyBasics-D2D\BodyBasics.h(77,17): error C2143: error de sintaxis: falta ';' delante de '*'
E:\Escritorio\Samples Kinect\PracticaGestosNPI\BodyBasics-D2D\BodyBasics.h(77,17): error C4430: falta el especificador de tipo; se presupone int. Nota: C++ no admite default-int
E:\Escritorio\Samples Kinect\PracticaGestosNPI\BodyBasics-D2D\BodyBasics.h(77,42): error C2238: símbolos (token) inesperados delante de ';'
E:\Escritorio\Samples Kinect\PracticaGestosNPI\BodyBasics-D2D\BodyBasics.h(80,26): error C2143: error de sintaxis: falta ';' delante de '*'
E:\Escritorio\Samples Kinect\PracticaGestosNPI\BodyBasics-D2D\BodyBasics.h(80,26): error C4430: falta el especificador de tipo; se presupone int. Nota: C++ no admite default-int
E:\Escritorio\Samples Kinect\PracticaGestosNPI\BodyBasics-D2D\BodyBasics.h(80,44): error C2238: símbolos (token) inesperados delante de ';'
E:\Escritorio\Samples Kinect\PracticaGestosNPI\BodyBasics-D2D\BodyBasics.h(81,25): error C2143: error de sintaxis: falta ';' delante de '*'
E:\Escritorio\Samples Kinect\PracticaGestosNPI\BodyBasics-D2D\BodyBasics.h(81,25): error C4430: falta el especificador de tipo; se presupone int. Nota: C++ no admite default-int
E:\Escritorio\Samples Kinect\PracticaGestosNPI\BodyBasics-D2D\BodyBasics.h(81,49): error C2238: símbolos (token) inesperados delante de ';'
E:\Escritorio\Samples Kinect\PracticaGestosNPI\BodyBasics-D2D\BodyBasics.h(82,25): error C2143: error de sintaxis: falta ';' delante de '*'
E:\Escritorio\Samples Kinect\PracticaGestosNPI\BodyBasics-D2D\BodyBasics.h(82,25): error C4430: falta el especificador de tipo; se presupone int. Nota: C++ no admite default-int
E:\Escritorio\Samples Kinect\PracticaGestosNPI\BodyBasics-D2D\BodyBasics.h(82,50): error C2238: símbolos (token) inesperados delante de ';'
E:\Escritorio\Samples Kinect\PracticaGestosNPI\BodyBasics-D2D\BodyBasics.h(83,25): error C2143: error de sintaxis: falta ';' delante de '*'
E:\Escritorio\Samples Kinect\PracticaGestosNPI\BodyBasics-D2D\BodyBasics.h(83,25): error C4430: falta el especificador de tipo; se presupone int. Nota: C++ no admite default-int
E:\Escritorio\Samples Kinect\PracticaGestosNPI\BodyBasics-D2D\BodyBasics.h(83,48): error C2238: símbolos (token) inesperados delante de ';'
E:\Escritorio\Samples Kinect\PracticaGestosNPI\BodyBasics-D2D\BodyBasics.h(84,25): error C2143: error de sintaxis: falta ';' delante de '*'
E:\Escritorio\Samples Kinect\PracticaGestosNPI\BodyBasics-D2D\BodyBasics.h(84,25): error C4430: falta el especificador de tipo; se presupone int. Nota: C++ no admite default-int
E:\Escritorio\Samples Kinect\PracticaGestosNPI\BodyBasics-D2D\BodyBasics.h(84,49): error C2238: símbolos (token) inesperados delante de ';'
E:\Escritorio\Samples Kinect\PracticaGestosNPI\BodyBasics-D2D\BodyBasics.h(85,25): error C2143: error de sintaxis: falta ';' delante de '*'
E:\Escritorio\Samples Kinect\PracticaGestosNPI\BodyBasics-D2D\BodyBasics.h(85,25): error C4430: falta el especificador de tipo; se presupone int. Nota: C++ no admite default-int
E:\Escritorio\Samples Kinect\PracticaGestosNPI\BodyBasics-D2D\BodyBasics.h(85,47): error C2238: símbolos (token) inesperados delante de ';'
E:\Escritorio\Samples Kinect\PracticaGestosNPI\BodyBasics-D2D\BodyBasics.h(86,25): error C2143: error de sintaxis: falta ';' delante de '*'
E:\Escritorio\Samples Kinect\PracticaGestosNPI\BodyBasics-D2D\BodyBasics.h(86,25): error C4430: falta el especificador de tipo; se presupone int. Nota: C++ no admite default-int
E:\Escritorio\Samples Kinect\PracticaGestosNPI\BodyBasics-D2D\BodyBasics.h(86,45): error C2238: símbolos (token) inesperados delante de ';'
E:\Escritorio\Samples Kinect\PracticaGestosNPI\BodyBasics-D2D\BodyBasics.h(87,25): error C2143: error de sintaxis: falta ';' delante de '*'
E:\Escritorio\Samples Kinect\PracticaGestosNPI\BodyBasics-D2D\BodyBasics.h(87,25): error C4430: falta el especificador de tipo; se presupone int. Nota: C++ no admite default-int
E:\Escritorio\Samples Kinect\PracticaGestosNPI\BodyBasics-D2D\BodyBasics.h(87,46): error C2238: símbolos (token) inesperados delante de ';'
E:\Escritorio\Samples Kinect\PracticaGestosNPI\BodyBasics-D2D\BodyBasics.h(98,52): error C3646: 'InitializeDefaultSensor': especificador de invalidación desconocido
E:\Escritorio\Samples Kinect\PracticaGestosNPI\BodyBasics-D2D\BodyBasics.h(98,52): error C2059: error de sintaxis: '('
E:\Escritorio\Samples Kinect\PracticaGestosNPI\BodyBasics-D2D\BodyBasics.h(98,54): error C2238: símbolos (token) inesperados delante de ';'
E:\Escritorio\Samples Kinect\PracticaGestosNPI\BodyBasics-D2D\BodyBasics.h(106,47): error C2061: error de sintaxis: identificador 'INT64'
E:\Escritorio\Samples Kinect\PracticaGestosNPI\BodyBasics-D2D\BodyBasics.h(114,53): error C2061: error de sintaxis: identificador '_In_z_'
E:\Escritorio\Samples Kinect\PracticaGestosNPI\BodyBasics-D2D\BodyBasics.h(120,36): error C3646: 'EnsureDirect2DResources': especificador de invalidación desconocido
E:\Escritorio\Samples Kinect\PracticaGestosNPI\BodyBasics-D2D\BodyBasics.h(120,36): error C2059: error de sintaxis: '('
E:\Escritorio\Samples Kinect\PracticaGestosNPI\BodyBasics-D2D\BodyBasics.h(120,38): error C2238: símbolos (token) inesperados delante de ';'
E:\Escritorio\Samples Kinect\PracticaGestosNPI\BodyBasics-D2D\BodyBasics.h(134,41): error C3646: 'BodyToScreen': especificador de invalidación desconocido
E:\Escritorio\Samples Kinect\PracticaGestosNPI\BodyBasics-D2D\BodyBasics.h(134,41): error C2059: error de sintaxis: '('
E:\Escritorio\Samples Kinect\PracticaGestosNPI\BodyBasics-D2D\BodyBasics.h(134,99): error C2238: símbolos (token) inesperados delante de ';'
E:\Escritorio\Samples Kinect\PracticaGestosNPI\BodyBasics-D2D\BodyBasics.h(141,49): error C4430: falta el especificador de tipo; se presupone int. Nota: C++ no admite default-int
E:\Escritorio\Samples Kinect\PracticaGestosNPI\BodyBasics-D2D\BodyBasics.h(141,49): error C2143: error de sintaxis: falta ',' delante de '*'
E:\Escritorio\Samples Kinect\PracticaGestosNPI\BodyBasics-D2D\BodyBasics.h(148,48): error C2061: error de sintaxis: identificador 'HandState'
E:\Escritorio\Samples Kinect\PracticaGestosNPI\BodyBasics-D2D\BodyBasics.h(158,49): error C4430: falta el especificador de tipo; se presupone int. Nota: C++ no admite default-int
  BodyBasics.cpp
  Generando código...
E:\Escritorio\Samples Kinect\PracticaGestosNPI\BodyBasics-D2D\BodyBasics.h(158,49): error C2143: error de sintaxis: falta ',' delante de '*'
